D:\CODE\GIT_LEETCODE\LEETCODE\LEETCODE\LEETCODE\DEBUG\LEETCODE.OBJ
D:\CODE\GIT_LEETCODE\LEETCODE\LEETCODE\LEETCODE\DEBUG\3SUM.OBJ
D:\CODE\GIT_LEETCODE\LEETCODE\LEETCODE\LEETCODE\DEBUG\REVERSEINTEGER.OBJ
D:\CODE\GIT_LEETCODE\LEETCODE\LEETCODE\LEETCODE\DEBUG\SAMETREE.OBJ
D:\CODE\GIT_LEETCODE\LEETCODE\LEETCODE\LEETCODE\DEBUG\SINGLENUMBER.OBJ
D:\CODE\GIT_LEETCODE\LEETCODE\LEETCODE\LEETCODE\DEBUG\WORDLADER2.OBJ
D:\CODE\GIT_LEETCODE\LEETCODE\LEETCODE\LEETCODE\DEBUG\VC110.PDB
D:\CODE\GIT_LEETCODE\LEETCODE\LEETCODE\LEETCODE\DEBUG\MAXDEPTHBINARYTREE.OBJ
D:\CODE\GIT_LEETCODE\LEETCODE\LEETCODE\LEETCODE\DEBUG\WORDLADER2USE.OBJ
D:\CODE\GIT_LEETCODE\LEETCODE\LEETCODE\LEETCODE\DEBUG\WORDLADDER2SOLUTION.OBJ
D:\CODE\GIT_LEETCODE\LEETCODE\LEETCODE\LEETCODE\DEBUG\LINKEDLIST.OBJ
D:\CODE\GIT_LEETCODE\LEETCODE\LEETCODE\LEETCODE\DEBUG\MAXPOINTINLINE.OBJ
D:\CODE\GIT_LEETCODE\LEETCODE\LEETCODE\LEETCODE\DEBUG\UNIQUEBST.OBJ
D:\CODE\GIT_LEETCODE\LEETCODE\LEETCODE\LEETCODE\DEBUG\SELLSTOCK2.OBJ
D:\CODE\GIT_LEETCODE\LEETCODE\LEETCODE\LEETCODE\DEBUG\PREORDERTRAVERSAL.OBJ
D:\CODE\GIT_LEETCODE\LEETCODE\LEETCODE\LEETCODE\DEBUG\SEARCHINSERT.OBJ
D:\CODE\GIT_LEETCODE\LEETCODE\LEETCODE\LEETCODE\DEBUG\INORDERTRAVERSAL.OBJ
D:\CODE\GIT_LEETCODE\LEETCODE\LEETCODE\LEETCODE\DEBUG\NEXTRIGHTPOINTERS.OBJ
D:\CODE\GIT_LEETCODE\LEETCODE\LEETCODE\LEETCODE\DEBUG\CLIMBSTAIRS.OBJ
D:\CODE\GIT_LEETCODE\LEETCODE\LEETCODE\LEETCODE\DEBUG\DEDUPLICATESORTEDLIST.OBJ
D:\CODE\GIT_LEETCODE\LEETCODE\LEETCODE\LEETCODE\DEBUG\MAXSUBARRAY.OBJ
D:\CODE\GIT_LEETCODE\LEETCODE\LEETCODE\LEETCODE\DEBUG\REMOVEELEMENT.OBJ
D:\CODE\GIT_LEETCODE\LEETCODE\LEETCODE\LEETCODE\DEBUG\LEETCODE.PCH
D:\CODE\GIT_LEETCODE\LEETCODE\LEETCODE\LEETCODE\DEBUG\STDAFX.OBJ
D:\CODE\GIT_LEETCODE\LEETCODE\LEETCODE\LEETCODE\DEBUG\SINGLENUMBER2.OBJ
D:\CODE\GIT_LEETCODE\LEETCODE\LEETCODE\LEETCODE\DEBUG\ROMAN2INT.OBJ
D:\CODE\GIT_LEETCODE\LEETCODE\LEETCODE\LEETCODE\DEBUG\SORTEDARRAY2BST.OBJ
D:\CODE\GIT_LEETCODE\LEETCODE\LEETCODE\DEBUG\LEETCODE.ILK
D:\CODE\GIT_LEETCODE\LEETCODE\LEETCODE\DEBUG\LEETCODE.EXE
D:\CODE\GIT_LEETCODE\LEETCODE\LEETCODE\DEBUG\LEETCODE.PDB
D:\code\git_leetcode\Leetcode\Leetcode\Leetcode\Debug\Leetcode.vcxprojResolveAssemblyReference.cache
D:\code\git_leetcode\Leetcode\Leetcode\Leetcode\Debug\3sum.obj
D:\code\git_leetcode\Leetcode\Leetcode\Leetcode\Debug\ClimbStairs.obj
D:\code\git_leetcode\Leetcode\Leetcode\Leetcode\Debug\DeduplicateSortedList.obj
D:\code\git_leetcode\Leetcode\Leetcode\Leetcode\Debug\InorderTraversal.obj
D:\code\git_leetcode\Leetcode\Leetcode\Leetcode\Debug\Leetcode.obj
D:\code\git_leetcode\Leetcode\Leetcode\Leetcode\Debug\LinkedList.obj
D:\code\git_leetcode\Leetcode\Leetcode\Leetcode\Debug\maxDepthBinaryTree.obj
D:\code\git_leetcode\Leetcode\Leetcode\Leetcode\Debug\MaxPointInLine.obj
D:\code\git_leetcode\Leetcode\Leetcode\Leetcode\Debug\MaxSubarray.obj
D:\code\git_leetcode\Leetcode\Leetcode\Leetcode\Debug\NextRightPointers.obj
D:\code\git_leetcode\Leetcode\Leetcode\Leetcode\Debug\PreorderTraversal.obj
D:\code\git_leetcode\Leetcode\Leetcode\Leetcode\Debug\RemoveElement.obj
D:\code\git_leetcode\Leetcode\Leetcode\Leetcode\Debug\reverseInteger.obj
D:\code\git_leetcode\Leetcode\Leetcode\Leetcode\Debug\Roman2Int.obj
D:\code\git_leetcode\Leetcode\Leetcode\Leetcode\Debug\sameTree.obj
D:\code\git_leetcode\Leetcode\Leetcode\Leetcode\Debug\SearchInsert.obj
D:\code\git_leetcode\Leetcode\Leetcode\Leetcode\Debug\SellStock2.obj
D:\code\git_leetcode\Leetcode\Leetcode\Leetcode\Debug\singleNumber.obj
D:\code\git_leetcode\Leetcode\Leetcode\Leetcode\Debug\singleNumber2.obj
D:\code\git_leetcode\Leetcode\Leetcode\Leetcode\Debug\sortedArray2BST.obj
D:\code\git_leetcode\Leetcode\Leetcode\Leetcode\Debug\stdafx.obj
D:\code\git_leetcode\Leetcode\Leetcode\Leetcode\Debug\UniqueBST.obj
D:\code\git_leetcode\Leetcode\Leetcode\Leetcode\Debug\wordLadder2Solution.obj
D:\code\git_leetcode\Leetcode\Leetcode\Leetcode\Debug\wordLader2.obj
D:\code\git_leetcode\Leetcode\Leetcode\Leetcode\Debug\wordLader2Use.obj
D:\code\git_leetcode\Leetcode\Leetcode\Leetcode\Debug\cl.command.1.tlog
D:\code\git_leetcode\Leetcode\Leetcode\Leetcode\Debug\CL.read.1.tlog
D:\code\git_leetcode\Leetcode\Leetcode\Leetcode\Debug\CL.write.1.tlog
D:\code\git_leetcode\Leetcode\Leetcode\Leetcode\Debug\link.12308-cvtres.read.1.tlog
D:\code\git_leetcode\Leetcode\Leetcode\Leetcode\Debug\link.12308-cvtres.write.1.tlog
D:\code\git_leetcode\Leetcode\Leetcode\Leetcode\Debug\link.12308-rc.read.1.tlog
D:\code\git_leetcode\Leetcode\Leetcode\Leetcode\Debug\link.12308-rc.write.1.tlog
D:\code\git_leetcode\Leetcode\Leetcode\Leetcode\Debug\link.12308.read.1.tlog
D:\code\git_leetcode\Leetcode\Leetcode\Leetcode\Debug\link.12308.write.1.tlog
D:\code\git_leetcode\Leetcode\Leetcode\Leetcode\Debug\link.13380-cvtres.read.1.tlog
D:\code\git_leetcode\Leetcode\Leetcode\Leetcode\Debug\link.13380-cvtres.write.1.tlog
D:\code\git_leetcode\Leetcode\Leetcode\Leetcode\Debug\link.13380-rc.read.1.tlog
D:\code\git_leetcode\Leetcode\Leetcode\Leetcode\Debug\link.13380-rc.write.1.tlog
D:\code\git_leetcode\Leetcode\Leetcode\Leetcode\Debug\link.13380.read.1.tlog
D:\code\git_leetcode\Leetcode\Leetcode\Leetcode\Debug\link.13380.write.1.tlog
D:\code\git_leetcode\Leetcode\Leetcode\Leetcode\Debug\link.14944-cvtres.read.1.tlog
D:\code\git_leetcode\Leetcode\Leetcode\Leetcode\Debug\link.14944-cvtres.write.1.tlog
D:\code\git_leetcode\Leetcode\Leetcode\Leetcode\Debug\link.14944-rc.read.1.tlog
D:\code\git_leetcode\Leetcode\Leetcode\Leetcode\Debug\link.14944-rc.write.1.tlog
D:\code\git_leetcode\Leetcode\Leetcode\Leetcode\Debug\link.14944.read.1.tlog
D:\code\git_leetcode\Leetcode\Leetcode\Leetcode\Debug\link.14944.write.1.tlog
D:\code\git_leetcode\Leetcode\Leetcode\Leetcode\Debug\link.16300-cvtres.read.1.tlog
D:\code\git_leetcode\Leetcode\Leetcode\Leetcode\Debug\link.16300-cvtres.write.1.tlog
D:\code\git_leetcode\Leetcode\Leetcode\Leetcode\Debug\link.16300-rc.read.1.tlog
D:\code\git_leetcode\Leetcode\Leetcode\Leetcode\Debug\link.16300-rc.write.1.tlog
D:\code\git_leetcode\Leetcode\Leetcode\Leetcode\Debug\link.16300.read.1.tlog
D:\code\git_leetcode\Leetcode\Leetcode\Leetcode\Debug\link.16300.write.1.tlog
D:\code\git_leetcode\Leetcode\Leetcode\Leetcode\Debug\link.16448-cvtres.read.1.tlog
D:\code\git_leetcode\Leetcode\Leetcode\Leetcode\Debug\link.16448-cvtres.write.1.tlog
D:\code\git_leetcode\Leetcode\Leetcode\Leetcode\Debug\link.16448-rc.read.1.tlog
D:\code\git_leetcode\Leetcode\Leetcode\Leetcode\Debug\link.16448-rc.write.1.tlog
D:\code\git_leetcode\Leetcode\Leetcode\Leetcode\Debug\link.16448.read.1.tlog
D:\code\git_leetcode\Leetcode\Leetcode\Leetcode\Debug\link.16448.write.1.tlog
D:\code\git_leetcode\Leetcode\Leetcode\Leetcode\Debug\link.18380-cvtres.read.1.tlog
D:\code\git_leetcode\Leetcode\Leetcode\Leetcode\Debug\link.18380-cvtres.write.1.tlog
D:\code\git_leetcode\Leetcode\Leetcode\Leetcode\Debug\link.18380-rc.read.1.tlog
D:\code\git_leetcode\Leetcode\Leetcode\Leetcode\Debug\link.18380-rc.write.1.tlog
D:\code\git_leetcode\Leetcode\Leetcode\Leetcode\Debug\link.18380.read.1.tlog
D:\code\git_leetcode\Leetcode\Leetcode\Leetcode\Debug\link.18380.write.1.tlog
D:\code\git_leetcode\Leetcode\Leetcode\Leetcode\Debug\link.20376-cvtres.read.1.tlog
D:\code\git_leetcode\Leetcode\Leetcode\Leetcode\Debug\link.20376-cvtres.write.1.tlog
D:\code\git_leetcode\Leetcode\Leetcode\Leetcode\Debug\link.20376-rc.read.1.tlog
D:\code\git_leetcode\Leetcode\Leetcode\Leetcode\Debug\link.20376-rc.write.1.tlog
D:\code\git_leetcode\Leetcode\Leetcode\Leetcode\Debug\link.20376.read.1.tlog
D:\code\git_leetcode\Leetcode\Leetcode\Leetcode\Debug\link.20376.write.1.tlog
D:\code\git_leetcode\Leetcode\Leetcode\Leetcode\Debug\link.20444-cvtres.read.1.tlog
D:\code\git_leetcode\Leetcode\Leetcode\Leetcode\Debug\link.20444-cvtres.write.1.tlog
D:\code\git_leetcode\Leetcode\Leetcode\Leetcode\Debug\link.20444-rc.read.1.tlog
D:\code\git_leetcode\Leetcode\Leetcode\Leetcode\Debug\link.20444-rc.write.1.tlog
D:\code\git_leetcode\Leetcode\Leetcode\Leetcode\Debug\link.20444.read.1.tlog
D:\code\git_leetcode\Leetcode\Leetcode\Leetcode\Debug\link.20444.write.1.tlog
D:\code\git_leetcode\Leetcode\Leetcode\Leetcode\Debug\link.22272-cvtres.read.1.tlog
D:\code\git_leetcode\Leetcode\Leetcode\Leetcode\Debug\link.22272-cvtres.write.1.tlog
D:\code\git_leetcode\Leetcode\Leetcode\Leetcode\Debug\link.22272-rc.read.1.tlog
D:\code\git_leetcode\Leetcode\Leetcode\Leetcode\Debug\link.22272-rc.write.1.tlog
D:\code\git_leetcode\Leetcode\Leetcode\Leetcode\Debug\link.22272.read.1.tlog
D:\code\git_leetcode\Leetcode\Leetcode\Leetcode\Debug\link.22272.write.1.tlog
D:\code\git_leetcode\Leetcode\Leetcode\Leetcode\Debug\link.24752-cvtres.read.1.tlog
D:\code\git_leetcode\Leetcode\Leetcode\Leetcode\Debug\link.24752-cvtres.write.1.tlog
D:\code\git_leetcode\Leetcode\Leetcode\Leetcode\Debug\link.24752-rc.read.1.tlog
D:\code\git_leetcode\Leetcode\Leetcode\Leetcode\Debug\link.24752-rc.write.1.tlog
D:\code\git_leetcode\Leetcode\Leetcode\Leetcode\Debug\link.24752.read.1.tlog
D:\code\git_leetcode\Leetcode\Leetcode\Leetcode\Debug\link.24752.write.1.tlog
D:\code\git_leetcode\Leetcode\Leetcode\Leetcode\Debug\link.24796-cvtres.read.1.tlog
D:\code\git_leetcode\Leetcode\Leetcode\Leetcode\Debug\link.24796-cvtres.write.1.tlog
D:\code\git_leetcode\Leetcode\Leetcode\Leetcode\Debug\link.24796-rc.read.1.tlog
D:\code\git_leetcode\Leetcode\Leetcode\Leetcode\Debug\link.24796-rc.write.1.tlog
D:\code\git_leetcode\Leetcode\Leetcode\Leetcode\Debug\link.24796.read.1.tlog
D:\code\git_leetcode\Leetcode\Leetcode\Leetcode\Debug\link.24796.write.1.tlog
D:\code\git_leetcode\Leetcode\Leetcode\Leetcode\Debug\link.25964-cvtres.read.1.tlog
D:\code\git_leetcode\Leetcode\Leetcode\Leetcode\Debug\link.25964-cvtres.write.1.tlog
D:\code\git_leetcode\Leetcode\Leetcode\Leetcode\Debug\link.25964-rc.read.1.tlog
D:\code\git_leetcode\Leetcode\Leetcode\Leetcode\Debug\link.25964-rc.write.1.tlog
D:\code\git_leetcode\Leetcode\Leetcode\Leetcode\Debug\link.25964.read.1.tlog
D:\code\git_leetcode\Leetcode\Leetcode\Leetcode\Debug\link.25964.write.1.tlog
D:\code\git_leetcode\Leetcode\Leetcode\Leetcode\Debug\link.26320-cvtres.read.1.tlog
D:\code\git_leetcode\Leetcode\Leetcode\Leetcode\Debug\link.26320-cvtres.write.1.tlog
D:\code\git_leetcode\Leetcode\Leetcode\Leetcode\Debug\link.26320-rc.read.1.tlog
D:\code\git_leetcode\Leetcode\Leetcode\Leetcode\Debug\link.26320-rc.write.1.tlog
D:\code\git_leetcode\Leetcode\Leetcode\Leetcode\Debug\link.26320.read.1.tlog
D:\code\git_leetcode\Leetcode\Leetcode\Leetcode\Debug\link.26320.write.1.tlog
D:\code\git_leetcode\Leetcode\Leetcode\Leetcode\Debug\link.26796-cvtres.read.1.tlog
D:\code\git_leetcode\Leetcode\Leetcode\Leetcode\Debug\link.26796-cvtres.write.1.tlog
D:\code\git_leetcode\Leetcode\Leetcode\Leetcode\Debug\link.26796-rc.read.1.tlog
D:\code\git_leetcode\Leetcode\Leetcode\Leetcode\Debug\link.26796-rc.write.1.tlog
D:\code\git_leetcode\Leetcode\Leetcode\Leetcode\Debug\link.26796.read.1.tlog
D:\code\git_leetcode\Leetcode\Leetcode\Leetcode\Debug\link.26796.write.1.tlog
D:\code\git_leetcode\Leetcode\Leetcode\Leetcode\Debug\link.26800-cvtres.read.1.tlog
D:\code\git_leetcode\Leetcode\Leetcode\Leetcode\Debug\link.26800-cvtres.write.1.tlog
D:\code\git_leetcode\Leetcode\Leetcode\Leetcode\Debug\link.26800-rc.read.1.tlog
D:\code\git_leetcode\Leetcode\Leetcode\Leetcode\Debug\link.26800-rc.write.1.tlog
D:\code\git_leetcode\Leetcode\Leetcode\Leetcode\Debug\link.26800.read.1.tlog
D:\code\git_leetcode\Leetcode\Leetcode\Leetcode\Debug\link.26800.write.1.tlog
D:\code\git_leetcode\Leetcode\Leetcode\Leetcode\Debug\link.26996-cvtres.read.1.tlog
D:\code\git_leetcode\Leetcode\Leetcode\Leetcode\Debug\link.26996-cvtres.write.1.tlog
D:\code\git_leetcode\Leetcode\Leetcode\Leetcode\Debug\link.26996-rc.read.1.tlog
D:\code\git_leetcode\Leetcode\Leetcode\Leetcode\Debug\link.26996-rc.write.1.tlog
D:\code\git_leetcode\Leetcode\Leetcode\Leetcode\Debug\link.26996.read.1.tlog
D:\code\git_leetcode\Leetcode\Leetcode\Leetcode\Debug\link.26996.write.1.tlog
D:\code\git_leetcode\Leetcode\Leetcode\Leetcode\Debug\link.27556-cvtres.read.1.tlog
D:\code\git_leetcode\Leetcode\Leetcode\Leetcode\Debug\link.27556-cvtres.write.1.tlog
D:\code\git_leetcode\Leetcode\Leetcode\Leetcode\Debug\link.27556-rc.read.1.tlog
D:\code\git_leetcode\Leetcode\Leetcode\Leetcode\Debug\link.27556-rc.write.1.tlog
D:\code\git_leetcode\Leetcode\Leetcode\Leetcode\Debug\link.27556.read.1.tlog
D:\code\git_leetcode\Leetcode\Leetcode\Leetcode\Debug\link.27556.write.1.tlog
D:\code\git_leetcode\Leetcode\Leetcode\Leetcode\Debug\link.27804-cvtres.read.1.tlog
D:\code\git_leetcode\Leetcode\Leetcode\Leetcode\Debug\link.27804-cvtres.write.1.tlog
D:\code\git_leetcode\Leetcode\Leetcode\Leetcode\Debug\link.27804-rc.read.1.tlog
D:\code\git_leetcode\Leetcode\Leetcode\Leetcode\Debug\link.27804-rc.write.1.tlog
D:\code\git_leetcode\Leetcode\Leetcode\Leetcode\Debug\link.27804.read.1.tlog
D:\code\git_leetcode\Leetcode\Leetcode\Leetcode\Debug\link.27804.write.1.tlog
D:\code\git_leetcode\Leetcode\Leetcode\Leetcode\Debug\link.27820-cvtres.read.1.tlog
D:\code\git_leetcode\Leetcode\Leetcode\Leetcode\Debug\link.27820-cvtres.write.1.tlog
D:\code\git_leetcode\Leetcode\Leetcode\Leetcode\Debug\link.27820-rc.read.1.tlog
D:\code\git_leetcode\Leetcode\Leetcode\Leetcode\Debug\link.27820-rc.write.1.tlog
D:\code\git_leetcode\Leetcode\Leetcode\Leetcode\Debug\link.27820.read.1.tlog
D:\code\git_leetcode\Leetcode\Leetcode\Leetcode\Debug\link.27820.write.1.tlog
D:\code\git_leetcode\Leetcode\Leetcode\Leetcode\Debug\link.28232-cvtres.read.1.tlog
D:\code\git_leetcode\Leetcode\Leetcode\Leetcode\Debug\link.28232-cvtres.write.1.tlog
D:\code\git_leetcode\Leetcode\Leetcode\Leetcode\Debug\link.28232-rc.read.1.tlog
D:\code\git_leetcode\Leetcode\Leetcode\Leetcode\Debug\link.28232-rc.write.1.tlog
D:\code\git_leetcode\Leetcode\Leetcode\Leetcode\Debug\link.28232.read.1.tlog
D:\code\git_leetcode\Leetcode\Leetcode\Leetcode\Debug\link.28232.write.1.tlog
D:\code\git_leetcode\Leetcode\Leetcode\Leetcode\Debug\link.29572-cvtres.read.1.tlog
D:\code\git_leetcode\Leetcode\Leetcode\Leetcode\Debug\link.29572-cvtres.write.1.tlog
D:\code\git_leetcode\Leetcode\Leetcode\Leetcode\Debug\link.29572-rc.read.1.tlog
D:\code\git_leetcode\Leetcode\Leetcode\Leetcode\Debug\link.29572-rc.write.1.tlog
D:\code\git_leetcode\Leetcode\Leetcode\Leetcode\Debug\link.29572.read.1.tlog
D:\code\git_leetcode\Leetcode\Leetcode\Leetcode\Debug\link.29572.write.1.tlog
D:\code\git_leetcode\Leetcode\Leetcode\Leetcode\Debug\link.29600-cvtres.read.1.tlog
D:\code\git_leetcode\Leetcode\Leetcode\Leetcode\Debug\link.29600-cvtres.write.1.tlog
D:\code\git_leetcode\Leetcode\Leetcode\Leetcode\Debug\link.29600-rc.read.1.tlog
D:\code\git_leetcode\Leetcode\Leetcode\Leetcode\Debug\link.29600-rc.write.1.tlog
D:\code\git_leetcode\Leetcode\Leetcode\Leetcode\Debug\link.29600.read.1.tlog
D:\code\git_leetcode\Leetcode\Leetcode\Leetcode\Debug\link.29600.write.1.tlog
D:\code\git_leetcode\Leetcode\Leetcode\Leetcode\Debug\link.command.1.tlog
D:\code\git_leetcode\Leetcode\Leetcode\Leetcode\Debug\link.read.1.tlog
D:\code\git_leetcode\Leetcode\Leetcode\Leetcode\Debug\link.write.1.tlog
D:\code\git_leetcode\Leetcode\Leetcode\Leetcode\Debug\Leetcode.pch
D:\code\git_leetcode\Leetcode\Leetcode\Leetcode\Debug\vc110.idb
D:\code\git_leetcode\Leetcode\Leetcode\Leetcode\Debug\vc110.pdb
D:\code\git_leetcode\Leetcode\Leetcode\Debug\Leetcode.pdb
D:\code\git_leetcode\Leetcode\Leetcode\Debug\Leetcode.exe
D:\code\git_leetcode\Leetcode\Leetcode\Debug\Leetcode.ilk
