Build started 3/10/2014 12:18:09 AM.
     1>Project "D:\code\git_leetcode\Leetcode\Leetcode\Leetcode\Leetcode.vcxproj" on node 2 (Build target(s)).
     1>ClCompile:
         C:\Program Files (x86)\Microsoft Visual Studio 11.0\VC\bin\CL.exe /c /Zi /nologo /W3 /WX- /Od /Oy- /D WIN32 /D _DEBUG /D _CONSOLE /D _UNICODE /D UNICODE /Gm /EHsc /RTC1 /MDd /GS /fp:precise /Zc:wchar_t /Zc:forScope /Yu"stdafx.h" /Fp"Debug\Leetcode.pch" /Fo"Debug\\" /Fd"Debug\vc110.pdb" /Gd /TP /analyze- /errorReport:prompt wordLader2Use.cpp
         wordLader2Use.cpp
     1>wordLader2Use.cpp(27): warning C4018: '<' : signed/unsigned mismatch
     1>wordLader2Use.cpp(33): warning C4018: '<' : signed/unsigned mismatch
     1>wordLader2Use.cpp(58): warning C4018: '<' : signed/unsigned mismatch
     1>wordLader2Use.cpp(60): warning C4018: '<' : signed/unsigned mismatch
     1>wordLader2Use.cpp(95): warning C4018: '<' : signed/unsigned mismatch
     1>wordLader2Use.cpp(111): warning C4018: '<' : signed/unsigned mismatch
       Link:
         C:\Program Files (x86)\Microsoft Visual Studio 11.0\VC\bin\link.exe /ERRORREPORT:PROMPT /OUT:"D:\code\git_leetcode\Leetcode\Leetcode\Debug\Leetcode.exe" /INCREMENTAL /NOLOGO kernel32.lib user32.lib gdi32.lib winspool.lib comdlg32.lib advapi32.lib shell32.lib ole32.lib oleaut32.lib uuid.lib odbc32.lib odbccp32.lib /MANIFEST /MANIFESTUAC:"level='asInvoker' uiAccess='false'" /manifest:embed /DEBUG /PDB:"D:\code\git_leetcode\Leetcode\Leetcode\Debug\Leetcode.pdb" /SUBSYSTEM:CONSOLE /TLBID:1 /DYNAMICBASE /NXCOMPAT /IMPLIB:"D:\code\git_leetcode\Leetcode\Leetcode\Debug\Leetcode.lib" /MACHINE:X86 /SAFESEH Debug\Leetcode.obj
         Debug\stdafx.obj
         Debug\3sum.obj
         Debug\maxDepthBinaryTree.obj
         Debug\reverseInteger.obj
         Debug\sameTree.obj
         Debug\singleNumber.obj
         Debug\wordLadder2Solution.obj
         Debug\wordLader2.obj
         Debug\wordLader2Use.obj
         Leetcode.vcxproj -> D:\code\git_leetcode\Leetcode\Leetcode\Debug\Leetcode.exe
     1>Done Building Project "D:\code\git_leetcode\Leetcode\Leetcode\Leetcode\Leetcode.vcxproj" (Build target(s)).

Build succeeded.

Time Elapsed 00:00:03.08
