D:\CODE\GIT_LEETCODE\LEETCODE\LEETCODE\LEETCODE\RELEASE\LEETCODE.PCH
D:\CODE\GIT_LEETCODE\LEETCODE\LEETCODE\LEETCODE\RELEASE\STDAFX.OBJ
D:\CODE\GIT_LEETCODE\LEETCODE\LEETCODE\LEETCODE\RELEASE\VC110.PDB
D:\CODE\GIT_LEETCODE\LEETCODE\LEETCODE\LEETCODE\RELEASE\WORDLADER2USE.OBJ
D:\CODE\GIT_LEETCODE\LEETCODE\LEETCODE\LEETCODE\RELEASE\WORDLADER2.OBJ
D:\CODE\GIT_LEETCODE\LEETCODE\LEETCODE\LEETCODE\RELEASE\WORDLADDER2SOLUTION.OBJ
D:\CODE\GIT_LEETCODE\LEETCODE\LEETCODE\LEETCODE\RELEASE\SINGLENUMBER.OBJ
D:\CODE\GIT_LEETCODE\LEETCODE\LEETCODE\LEETCODE\RELEASE\SAMETREE.OBJ
D:\CODE\GIT_LEETCODE\LEETCODE\LEETCODE\LEETCODE\RELEASE\REVERSEINTEGER.OBJ
D:\CODE\GIT_LEETCODE\LEETCODE\LEETCODE\LEETCODE\RELEASE\3SUM.OBJ
D:\CODE\GIT_LEETCODE\LEETCODE\LEETCODE\LEETCODE\RELEASE\LEETCODE.OBJ
D:\CODE\GIT_LEETCODE\LEETCODE\LEETCODE\LEETCODE\RELEASE\MAXDEPTHBINARYTREE.OBJ
D:\code\git_leetcode\Leetcode\Leetcode\Leetcode\Release\3sum.obj
D:\code\git_leetcode\Leetcode\Leetcode\Leetcode\Release\Leetcode.obj
D:\code\git_leetcode\Leetcode\Leetcode\Leetcode\Release\maxDepthBinaryTree.obj
D:\code\git_leetcode\Leetcode\Leetcode\Leetcode\Release\reverseInteger.obj
D:\code\git_leetcode\Leetcode\Leetcode\Leetcode\Release\sameTree.obj
D:\code\git_leetcode\Leetcode\Leetcode\Leetcode\Release\singleNumber.obj
D:\code\git_leetcode\Leetcode\Leetcode\Leetcode\Release\stdafx.obj
D:\code\git_leetcode\Leetcode\Leetcode\Leetcode\Release\wordLadder2Solution.obj
D:\code\git_leetcode\Leetcode\Leetcode\Leetcode\Release\wordLader2.obj
D:\code\git_leetcode\Leetcode\Leetcode\Leetcode\Release\wordLader2Use.obj
D:\code\git_leetcode\Leetcode\Leetcode\Leetcode\Release\cl.command.1.tlog
D:\code\git_leetcode\Leetcode\Leetcode\Leetcode\Release\CL.read.1.tlog
D:\code\git_leetcode\Leetcode\Leetcode\Leetcode\Release\CL.write.1.tlog
D:\code\git_leetcode\Leetcode\Leetcode\Leetcode\Release\link.command.1.tlog
D:\code\git_leetcode\Leetcode\Leetcode\Leetcode\Release\link.read.1.tlog
D:\code\git_leetcode\Leetcode\Leetcode\Leetcode\Release\Leetcode.pch
D:\code\git_leetcode\Leetcode\Leetcode\Leetcode\Release\vc110.pdb
D:\code\git_leetcode\Leetcode\Leetcode\Release\Leetcode.exe
